19:55:25: Creating resource group General
19:55:25: Creating resource group Internal
19:55:25: Creating resource group Autodetect
19:55:25: Registering ResourceManager for type Material
19:55:25: Registering ResourceManager for type Skeleton
19:55:25: Registering ResourceManager for type Mesh
19:55:25: MeshSerializer writing mesh data to stream ...
19:55:25: File header written.
19:55:25: Writing mesh data...
19:55:25: Writing submesh...
19:55:25: Exporting submesh texture aliases...
19:55:25: Submesh texture aliases exported.
19:55:25: Submesh exported.
19:55:25: Exporting bounds information....
19:55:25: Bounds information exported.
19:55:25: Exporting submesh name table...
19:55:25: Submesh name table exported.
19:55:25: Exporting edge lists...
19:55:25: Edge lists exported
19:55:25: Mesh data exported.
19:55:25: MeshSerializer export successful.
19:55:25: Unregistering ResourceManager for type Mesh
19:55:25: Unregistering ResourceManager for type Skeleton
19:55:25: Unregistering ResourceManager for type Material
