19:55:24: Creating resource group General
19:55:24: Creating resource group Internal
19:55:24: Creating resource group Autodetect
19:55:24: Registering ResourceManager for type Mesh
19:55:24: Registering ResourceManager for type Material
19:55:24: Registering ResourceManager for type Skeleton
19:55:24: XMLMeshSerializer reading mesh data from Space.mesh.xml...
19:55:24: Reading geometry...
19:55:24: Geometry done...
19:55:24: Reading submeshes...
19:55:24: Submeshes done.
19:55:24: Reading mesh names...
19:55:24: Mesh names done.
19:55:24: XMLMeshSerializer import successful.
19:55:24: Reorganising vertex buffers to automatic layout..
19:55:24: MeshSerializer writing mesh data to stream ...
19:55:24: File header written.
19:55:24: Writing mesh data...
19:55:24: Writing submesh...
19:55:24: Exporting submesh texture aliases...
19:55:24: Submesh texture aliases exported.
19:55:24: Submesh exported.
19:55:24: Exporting bounds information....
19:55:24: Bounds information exported.
19:55:24: Exporting submesh name table...
19:55:24: Submesh name table exported.
19:55:24: Exporting edge lists...
19:55:24: Edge lists exported
19:55:24: Mesh data exported.
19:55:24: MeshSerializer export successful.
19:55:24: Unregistering ResourceManager for type Skeleton
19:55:24: Unregistering ResourceManager for type Material
19:55:24: Unregistering ResourceManager for type Mesh
