11:11:26: Creating resource group General
11:11:26: Creating resource group Internal
11:11:26: Creating resource group Autodetect
11:11:26: SceneManagerFactory for type 'DefaultSceneManager' registered.
11:11:26: Registering ResourceManager for type Material
11:11:26: Registering ResourceManager for type Mesh
11:11:26: Registering ResourceManager for type Skeleton
11:11:26: MovableObjectFactory for type 'ParticleSystem' registered.
11:11:26: OverlayElementFactory for type Panel registered.
11:11:26: OverlayElementFactory for type BorderPanel registered.
11:11:26: OverlayElementFactory for type TextArea registered.
11:11:26: Registering ResourceManager for type Font
11:11:26: ArchiveFactory for archive type FileSystem registered.
11:11:26: ArchiveFactory for archive type Zip registered.
11:11:26: ArchiveFactory for archive type EmbeddedZip registered.
11:11:26: DDS codec registering
11:11:26: FreeImage version: 3.15.3
11:11:26: This program uses FreeImage, a free, open source image library supporting all common bitmap formats. See http://freeimage.sourceforge.net for details
11:11:26: Supported formats: bmp,ico,jpg,jif,jpeg,jpe,jng,koa,iff,lbm,mng,pbm,pbm,pcd,pcx,pgm,pgm,png,ppm,ppm,ras,tga,targa,tif,tiff,wap,wbmp,wbm,psd,cut,xbm,xpm,gif,hdr,g3,sgi,exr,j2k,j2c,jp2,pfm,pct,pict,pic
11:11:26: Registering ResourceManager for type HighLevelGpuProgram
11:11:26: Registering ResourceManager for type Compositor
11:11:26: MovableObjectFactory for type 'Entity' registered.
11:11:26: MovableObjectFactory for type 'Light' registered.
11:11:26: MovableObjectFactory for type 'BillboardSet' registered.
11:11:26: MovableObjectFactory for type 'ManualObject' registered.
11:11:26: MovableObjectFactory for type 'BillboardChain' registered.
11:11:26: MovableObjectFactory for type 'RibbonTrail' registered.
11:11:26: *-*-* OGRE Initialising
11:11:26: *-*-* Version 1.8.1 (Byatis)
11:11:26: Loading library RenderSystem_GL
11:11:26: Installing plugin: GL RenderSystem
11:11:26: OpenGL Rendering Subsystem created.
11:11:26: Plugin successfully installed
11:11:26: CPU Identifier & Features
11:11:26: -------------------------
11:11:26:  *   CPU ID: GenuineIntel: Intel(R) Core(TM) i5-2520M CPU @ 2.50GHz
11:11:26:  *      SSE: yes
11:11:26:  *     SSE2: yes
11:11:26:  *     SSE3: yes
11:11:26:  *      MMX: yes
11:11:26:  *   MMXEXT: yes
11:11:26:  *    3DNOW: no
11:11:26:  * 3DNOWEXT: no
11:11:26:  *     CMOV: yes
11:11:26:  *      TSC: yes
11:11:26:  *      FPU: yes
11:11:26:  *      PRO: yes
11:11:26:  *       HT: no
11:11:26: -------------------------
11:11:26: *** Starting Win32GL Subsystem ***
11:11:26: Registering ResourceManager for type Texture
11:11:26: GLRenderSystem::_createRenderWindow "Game Engine Programming", 800x600 windowed  miscParams: FSAA=0 FSAAHint= colourDepth=32 displayFrequency=0 gamma=false vsync=false vsyncInterval=1 
11:11:26: Created Win32Window 'Game Engine Programming' : 816x638, 32bpp
11:11:26: GL_VERSION = 3.1.0 - Build 8.15.10.2476
11:11:26: GL_VENDOR = Intel
11:11:26: GL_RENDERER = Intel(R) HD Graphics Family
11:11:26: GL_EXTENSIONS = GL_EXT_blend_minmax GL_EXT_blend_subtract GL_EXT_blend_color GL_EXT_abgr GL_EXT_texture3D GL_EXT_clip_volume_hint GL_EXT_compiled_vertex_array GL_SGIS_texture_edge_clamp GL_SGIS_generate_mipmap GL_EXT_draw_range_elements GL_SGIS_texture_lod GL_EXT_rescale_normal GL_EXT_packed_pixels GL_EXT_texture_edge_clamp GL_EXT_separate_specular_color GL_ARB_multitexture GL_EXT_texture_env_combine GL_EXT_bgra GL_EXT_blend_func_separate GL_EXT_secondary_color GL_EXT_fog_coord GL_EXT_texture_env_add GL_ARB_texture_cube_map GL_ARB_transpose_matrix GL_ARB_texture_env_add GL_IBM_texture_mirrored_repeat GL_EXT_multi_draw_arrays GL_NV_blend_square GL_ARB_texture_compression GL_3DFX_texture_compression_FXT1 GL_EXT_texture_filter_anisotropic GL_ARB_texture_border_clamp GL_ARB_point_parameters GL_ARB_texture_env_combine GL_ARB_texture_env_dot3 GL_ARB_texture_env_crossbar GL_EXT_texture_compression_s3tc GL_ARB_shadow GL_ARB_window_pos GL_EXT_shadow_funcs GL_EXT_stencil_wrap GL_ARB_vertex_program GL_EXT_texture_rectangle GL_ARB_fragment_program GL_EXT_stencil_two_side GL_ATI_separate_stencil GL_ARB_vertex_buffer_object GL_EXT_texture_lod_bias GL_ARB_occlusion_query GL_ARB_fragment_shader GL_ARB_shader_objects GL_ARB_shading_language_100 GL_ARB_texture_non_power_of_two GL_ARB_vertex_shader GL_NV_texgen_reflection GL_ARB_point_sprite GL_ARB_fragment_program_shadow GL_EXT_blend_equation_separate GL_ARB_depth_texture GL_ARB_texture_rectangle GL_ARB_draw_buffers GL_ARB_color_buffer_float GL_ARB_half_float_pixel GL_ARB_texture_float GL_ARB_pixel_buffer_object GL_EXT_framebuffer_object GL_ARB_draw_instanced GL_ARB_half_float_vertex GL_EXT_draw_buffers2 GL_WIN_swap_hint GL_EXT_texture_sRGB GL_ARB_multisample GL_EXT_packed_float GL_EXT_texture_shared_exponent GL_ARB_texture_rg GL_ARB_texture_compression_rgtc GL_NV_conditional_render GL_EXT_texture_swizzle GL_ARB_sync GL_ARB_framebuffer_sRGB GL_EXT_packed_depth_stencil GL_ARB_depth_buffer_float GL_EXT_transform_feedback GL_EXT_framebuffer_blit GL_EXT_framebuffer_multisample GL_ARB_framebuffer_object GL_EXT_texture_array GL_EXT_texture_integer GL_ARB_map_buffer_range GL_EXT_texture_snorm GL_INTEL_performance_queries GL_ARB_copy_buffer GL_ARB_sampler_objects GL_NV_primitive_restart GL_ARB_seamless_cube_map GL_ARB_uniform_buffer_object GL_ARB_depth_clamp GL_ARB_vertex_array_bgra GL_ARB_draw_elements_base_vertex GL_ARB_fragment_coord_conventions GL_EXT_gpu_program_parameters GL_ARB_compatibility GL_ARB_vertex_array_object 
11:11:26: Supported WGL extensions: WGL_EXT_depth_float WGL_ARB_buffer_region WGL_ARB_extensions_string WGL_ARB_make_current_read WGL_ARB_pixel_format WGL_ARB_pbuffer WGL_EXT_extensions_string WGL_EXT_swap_control WGL_ARB_multisample WGL_ARB_pixel_format_float WGL_ARB_framebuffer_sRGB WGL_ARB_create_context WGL_EXT_pixel_format_packed_float 
11:11:26: ***************************
11:11:26: *** GL Renderer Started ***
11:11:26: ***************************
11:11:26: Registering ResourceManager for type GpuProgram
11:11:26: GLSL support detected
11:11:26: GL: Using GL_EXT_framebuffer_object for rendering to textures (best)
11:11:26: FBO PF_UNKNOWN depth/stencil support: D0S1 D0S4 D0S8 D0S16 D16S0 D24S0 D32S0 Packed-D24S8 
11:11:27: FBO PF_A8 depth/stencil support: D0S0 D0S1 D0S4 D0S8 D0S16 D16S0 D24S0 D32S0 Packed-D24S8 
11:11:27: FBO PF_R5G6B5 depth/stencil support: D0S0 D0S1 D0S4 D0S8 D0S16 D16S0 D24S0 D32S0 Packed-D24S8 
11:11:27: FBO PF_B5G6R5 depth/stencil support: D0S0 D0S1 D0S4 D0S8 D0S16 D16S0 D24S0 D32S0 Packed-D24S8 
11:11:27: FBO PF_R8G8B8 depth/stencil support: D0S0 D0S1 D0S4 D0S8 D0S16 D16S0 D24S0 D32S0 Packed-D24S8 
11:11:27: FBO PF_B8G8R8 depth/stencil support: D0S0 D0S1 D0S4 D0S8 D0S16 D16S0 D24S0 D32S0 Packed-D24S8 
11:11:27: FBO PF_A8R8G8B8 depth/stencil support: D0S0 D0S1 D0S4 D0S8 D0S16 D16S0 D24S0 D32S0 Packed-D24S8 
11:11:27: FBO PF_B8G8R8A8 depth/stencil support: D0S0 D0S1 D0S4 D0S8 D0S16 D16S0 D24S0 D32S0 Packed-D24S8 
11:11:27: FBO PF_A2R10G10B10 depth/stencil support: D0S0 D0S1 D0S4 D0S8 D0S16 D16S0 D24S0 D32S0 Packed-D24S8 
11:11:27: FBO PF_A2B10G10R10 depth/stencil support: D0S0 D0S1 D0S4 D0S8 D0S16 D16S0 D24S0 D32S0 Packed-D24S8 
11:11:27: FBO PF_FLOAT16_RGB depth/stencil support: D0S0 D0S1 D0S4 D0S8 D0S16 D16S0 D24S0 D32S0 Packed-D24S8 
11:11:27: FBO PF_FLOAT16_RGBA depth/stencil support: D0S0 D0S1 D0S4 D0S8 D0S16 D16S0 D24S0 D32S0 Packed-D24S8 
11:11:27: FBO PF_FLOAT32_RGB depth/stencil support: D0S0 D0S1 D0S4 D0S8 D0S16 D16S0 D24S0 D32S0 Packed-D24S8 
11:11:27: FBO PF_FLOAT32_RGBA depth/stencil support: D0S0 D0S1 D0S4 D0S8 D0S16 D16S0 D24S0 D32S0 Packed-D24S8 
11:11:27: FBO PF_X8R8G8B8 depth/stencil support: D0S0 D0S1 D0S4 D0S8 D0S16 D16S0 D24S0 D32S0 Packed-D24S8 
11:11:27: FBO PF_X8B8G8R8 depth/stencil support: D0S0 D0S1 D0S4 D0S8 D0S16 D16S0 D24S0 D32S0 Packed-D24S8 
11:11:27: FBO PF_SHORT_RGBA depth/stencil support: D0S0 D0S1 D0S4 D0S8 D0S16 D16S0 D24S0 D32S0 Packed-D24S8 
11:11:27: FBO PF_R3G3B2 depth/stencil support: D0S0 D0S1 D0S4 D0S8 D0S16 D16S0 D24S0 D32S0 Packed-D24S8 
11:11:27: FBO PF_SHORT_RGB depth/stencil support: D0S0 D0S1 D0S4 D0S8 D0S16 D16S0 D24S0 D32S0 Packed-D24S8 
11:11:27: [GL] : Valid FBO targets PF_UNKNOWN PF_A8 PF_R5G6B5 PF_B5G6R5 PF_R8G8B8 PF_B8G8R8 PF_A8R8G8B8 PF_B8G8R8A8 PF_A2R10G10B10 PF_A2B10G10R10 PF_FLOAT16_RGB PF_FLOAT16_RGBA PF_FLOAT32_RGB PF_FLOAT32_RGBA PF_X8R8G8B8 PF_X8B8G8R8 PF_SHORT_RGBA PF_R3G3B2 PF_SHORT_RGB 
11:11:27: RenderSystem capabilities
11:11:27: -------------------------
11:11:27: RenderSystem Name: OpenGL Rendering Subsystem
11:11:27: GPU Vendor: intel
11:11:27: Device Name: Intel(R) HD Graphics Family
11:11:27: Driver Version: 3.1.0.0
11:11:27:  * Fixed function pipeline: yes
11:11:27:  * Hardware generation of mipmaps: no
11:11:27:  * Texture blending: yes
11:11:27:  * Anisotropic texture filtering: yes
11:11:27:  * Dot product texture operation: yes
11:11:27:  * Cube mapping: yes
11:11:27:  * Hardware stencil buffer: yes
11:11:27:    - Stencil depth: 8
11:11:27:    - Two sided stencil support: yes
11:11:27:    - Wrap stencil values: yes
11:11:27:  * Hardware vertex / index buffers: yes
11:11:27:  * Vertex programs: yes
11:11:27:  * Number of floating-point constants for vertex programs: 256
11:11:27:  * Number of integer constants for vertex programs: 0
11:11:27:  * Number of boolean constants for vertex programs: 0
11:11:27:  * Fragment programs: yes
11:11:27:  * Number of floating-point constants for fragment programs: 256
11:11:27:  * Number of integer constants for fragment programs: 0
11:11:27:  * Number of boolean constants for fragment programs: 0
11:11:27:  * Geometry programs: no
11:11:27:  * Number of floating-point constants for geometry programs: 475
11:11:27:  * Number of integer constants for geometry programs: 17044
11:11:27:  * Number of boolean constants for geometry programs: 475
11:11:27:  * Supported Shader Profiles: arbfp1 arbvp1 glsl
11:11:27:  * Texture Compression: yes
11:11:27:    - DXT: yes
11:11:27:    - VTC: no
11:11:27:    - PVRTC: no
11:11:27:  * Scissor Rectangle: yes
11:11:27:  * Hardware Occlusion Query: yes
11:11:27:  * User clip planes: yes
11:11:27:  * VET_UBYTE4 vertex element type: yes
11:11:27:  * Infinite far plane projection: yes
11:11:27:  * Hardware render-to-texture: yes
11:11:27:  * Floating point textures: yes
11:11:27:  * Non-power-of-two textures: yes
11:11:27:  * Volume textures: yes
11:11:27:  * Multiple Render Targets: 8
11:11:27:    - With different bit depths: yes
11:11:27:  * Point Sprites: yes
11:11:27:  * Extended point parameters: yes
11:11:27:  * Max Point Size: 255
11:11:27:  * Vertex texture fetch: yes
11:11:27:  * Number of world matrices: 0
11:11:27:  * Number of texture units: 16
11:11:27:  * Stencil buffer depth: 8
11:11:27:  * Number of vertex blend matrices: 0
11:11:27:    - Max vertex textures: 16
11:11:27:    - Vertex textures shared: yes
11:11:27:  * Render to Vertex Buffer : no
11:11:27:  * GL 1.5 without VBO workaround: no
11:11:27:  * Frame Buffer objects: yes
11:11:27:  * Frame Buffer objects (ARB extension): no
11:11:27:  * Frame Buffer objects (ATI extension): no
11:11:27:  * PBuffer support: yes
11:11:27:  * GL 1.5 without HW-occlusion workaround: no
11:11:27:  * Separate shader objects: no
11:11:27: DefaultWorkQueue('Root') initialising on thread main.
11:11:27: Particle Renderer Type 'billboard' registered
11:11:27: Creating resource group 0
11:11:27: Added resource location './assets/models/models_0' of type 'FileSystem' to resource group '0'
11:11:27: Added resource location './assets/materials/scripts/scripts_0' of type 'FileSystem' to resource group '0'
11:11:27: Added resource location './assets/my_gui' of type 'FileSystem' to resource group '0'
11:11:27: Initialising resource group 0
11:11:27: Parsing scripts for resource group 0
11:11:27: Parsing script Chair.material
11:11:27: Parsing script Dashboard.material
11:11:27: Parsing script Element_Zero.material
11:11:27: Parsing script HolographicGrid.material
11:11:27: Parsing script Relay.material
11:11:27: Parsing script Ring.material
11:11:27: Parsing script Ship.material
11:11:27: Parsing script Space.material
11:11:27: Parsing script Submarine.material
11:11:27: Finished parsing scripts for resource group 0
11:11:27: Creating resources for group 0
11:11:27: All done
11:11:27: Loading resource group '0' - Resources: 1 World Geometry: 1
11:11:27: Texture: steelplate.jpg: Loading 1 faces(PF_R8G8B8,756x512x1) with 9 generated mipmaps from Image. Internal format is PF_X8R8G8B8,756x512x1.
11:11:27: Texture: star2.png: Loading 1 faces(PF_R8G8B8,1024x512x1) with 10 generated mipmaps from Image. Internal format is PF_X8R8G8B8,1024x512x1.
11:11:27: Mesh: Loading ChairArm.mesh.
11:11:27: Mesh: Loading ChairBack.mesh.
11:11:27: Mesh: Loading ChairCushion.mesh.
11:11:27: Mesh: Loading Dashboard.mesh.
11:11:27: Mesh: Loading HolographicGrid.mesh.
11:11:27: Mesh: Loading ShipHull.mesh.
11:11:27: Mesh: Loading ShipArm.mesh.
11:11:27: Mesh: Loading ShipEngine.mesh.
11:11:27: Mesh: Loading ShipWing.mesh.
11:11:27: Mesh: Loading WindowCross.mesh.
11:11:27: Mesh: Loading WindowGuardMiddle.mesh.
11:11:27: Mesh: Loading WindowGuardSide.mesh.
11:11:27: Mesh: Loading Element_Zero.mesh.
11:11:27: Mesh: Loading Ring.mesh.
11:11:27: Mesh: Loading Relay.mesh.
11:11:27: Mesh: Loading Space.mesh.
11:11:27: Finished loading resource group 0
11:11:27: Texture: DejaVuSansFontGenerated_15.png: Loading 1 faces(PF_A8R8G8B8,128x256x1) with 0 generated mipmaps from Image. Internal format is PF_A8R8G8B8,128x256x1.
11:11:27: Texture: MyGUI_BlackOrangeSkins.png: Loading 1 faces(PF_A8R8G8B8,512x256x1) with 0 generated mipmaps from Image. Internal format is PF_A8R8G8B8,512x256x1.
11:11:27: Texture: MyGUI_Pointers.png: Loading 1 faces(PF_A8R8G8B8,256x128x1) with 0 generated mipmaps from Image. Internal format is PF_A8R8G8B8,256x128x1.
11:11:27: Can't assign material NavigationScreen to SubEntity of Head Entity because this Material does not exist. Have you forgotten to define it in a .material script?
11:11:27: Can't assign material ShipHull to SubEntity of ShipHull because this Material does not exist. Have you forgotten to define it in a .material script?
11:11:27: Can't assign material ShipLeftArm to SubEntity of RightArm because this Material does not exist. Have you forgotten to define it in a .material script?
11:11:27: Can't assign material ShipLeftEngine to SubEntity of RightEngine because this Material does not exist. Have you forgotten to define it in a .material script?
11:11:27: Can't assign material ShipLeftWing to SubEntity of RightWing because this Material does not exist. Have you forgotten to define it in a .material script?
11:11:27: Can't assign material ShipLeftArm to SubEntity of LeftArm because this Material does not exist. Have you forgotten to define it in a .material script?
11:11:27: Can't assign material ShipLeftEngine to SubEntity of LeftEngine because this Material does not exist. Have you forgotten to define it in a .material script?
11:11:27: Can't assign material ShipLeftWing to SubEntity of LeftWing because this Material does not exist. Have you forgotten to define it in a .material script?
11:11:27: Can't assign material WindowGuardMiddle to SubEntity of MiddleGuard because this Material does not exist. Have you forgotten to define it in a .material script?
11:11:27: Can't assign material WindowGuardLeft to SubEntity of RightGuard because this Material does not exist. Have you forgotten to define it in a .material script?
11:11:27: Can't assign material WindowGuardLeft to SubEntity of LeftGuard because this Material does not exist. Have you forgotten to define it in a .material script?
11:11:27: Can't assign material WindowCrossLeft to SubEntity of RightCross because this Material does not exist. Have you forgotten to define it in a .material script?
11:11:27: Can't assign material WindowCrossLeft to SubEntity of LeftCross because this Material does not exist. Have you forgotten to define it in a .material script?
11:11:27: Can't assign material ChairCushion to SubEntity of ChairCushion because this Material does not exist. Have you forgotten to define it in a .material script?
11:11:27: Can't assign material ChairBack to SubEntity of ChairBack because this Material does not exist. Have you forgotten to define it in a .material script?
11:11:27: Can't assign material ChairLeftArm to SubEntity of ChairRightArm because this Material does not exist. Have you forgotten to define it in a .material script?
11:11:27: Can't assign material ChairLeftArm to SubEntity of ChairLeftArm because this Material does not exist. Have you forgotten to define it in a .material script?
11:12:25: Destroying resource group 0
11:12:25: Unloading resource group 0
11:12:25: Finished unloading resource group 0
11:12:25: DefaultWorkQueue('Root') shutting down on thread main.
11:12:25: *-*-* OGRE Shutdown
11:12:25: Unregistering ResourceManager for type Compositor
11:12:25: Unregistering ResourceManager for type Font
11:12:25: Unregistering ResourceManager for type Skeleton
11:12:25: Unregistering ResourceManager for type Mesh
11:12:25: Unregistering ResourceManager for type HighLevelGpuProgram
11:12:25: Uninstalling plugin: GL RenderSystem
11:12:25: Unregistering ResourceManager for type GpuProgram
11:12:25: *** Stopping Win32GL Subsystem ***
11:12:25: Unregistering ResourceManager for type Texture
11:12:25: Plugin successfully uninstalled
11:12:25: Unloading library RenderSystem_GL
11:12:25: Unregistering ResourceManager for type Material
